<?xml version="1.0" encoding="UTF-8"?>
<testng-results ignored="0" total="1" passed="1" failed="0" skipped="0">
  <reporter-output>
  </reporter-output>
  <suite started-at="2021-05-22T15:23:43Z" name="Default suite" finished-at="2021-05-22T15:23:56Z" duration-ms="13822">
    <groups>
    </groups>
    <test started-at="2021-05-22T15:23:43Z" name="Default test" finished-at="2021-05-22T15:23:56Z" duration-ms="13822">
      <class name="loginTests.TC_01">
        <test-method is-config="true" signature="startWebDriver()[pri:0, instance:loginTests.TC_01@475b7792]" started-at="2021-05-22T09:23:43Z" name="startWebDriver" finished-at="2021-05-22T09:23:44Z" duration-ms="1530" status="PASS">
          <reporter-output>
          </reporter-output>
        </test-method> <!-- startWebDriver -->
        <test-method signature="TC_01_CorrectLogin()[pri:0, instance:loginTests.TC_01@475b7792]" started-at="2021-05-22T09:23:44Z" name="TC_01_CorrectLogin" finished-at="2021-05-22T09:23:54Z" duration-ms="9657" status="PASS">
          <reporter-output>
          </reporter-output>
        </test-method> <!-- TC_01_CorrectLogin -->
        <test-method is-config="true" signature="closeDriver()[pri:0, instance:loginTests.TC_01@475b7792]" started-at="2021-05-22T09:23:54Z" name="closeDriver" finished-at="2021-05-22T09:23:56Z" duration-ms="2594" status="PASS">
          <reporter-output>
          </reporter-output>
        </test-method> <!-- closeDriver -->
      </class> <!-- loginTests.TC_01 -->
    </test> <!-- Default test -->
  </suite> <!-- Default suite -->
</testng-results>
