<?xml version="1.0" encoding="UTF-8"?>
<testng-results ignored="0" total="1" passed="1" failed="0" skipped="0">
  <reporter-output>
  </reporter-output>
  <suite started-at="2021-04-24T13:09:48Z" name="Default suite" finished-at="2021-04-24T13:09:52Z" duration-ms="4045">
    <groups>
    </groups>
    <test started-at="2021-04-24T13:09:48Z" name="Default test" finished-at="2021-04-24T13:09:52Z" duration-ms="4045">
      <class name="test.NewTest">
        <test-method signature="Test()[pri:0, instance:test.NewTest@57ad2aa7]" started-at="2021-04-24T07:09:48Z" name="Test" finished-at="2021-04-24T07:09:52Z" duration-ms="3991" status="PASS">
          <reporter-output>
          </reporter-output>
        </test-method> <!-- Test -->
      </class> <!-- test.NewTest -->
    </test> <!-- Default test -->
  </suite> <!-- Default suite -->
</testng-results>
